{"uuid":"ae81ade0-ecaa-45cc-8f5b-5629cc14dd8d","historyId":"6c7c8fd1df460b19d63e3230ca23d590","fullName":"com.example.demo.MainPageTest.navigationToAllTools","labels":[{"name":"package","value":"com.example.demo.MainPageTest"},{"name":"testClass","value":"com.example.demo.MainPageTest"},{"name":"testMethod","value":"navigationToAllTools"},{"name":"parentSuite","value":"Default Suite"},{"name":"suite","value":"demo"},{"name":"subSuite","value":"com.example.demo.MainPageTest"},{"name":"host","value":"Alexandras-MacBook-Pro.local"},{"name":"thread","value":"36509@Alexandras-MacBook-Pro.local.main(1)"},{"name":"framework","value":"testng"},{"name":"language","value":"java"}],"links":[],"name":"navigationToAllTools","status":"failed","statusDetails":{"known":false,"muted":false,"flaky":false,"message":"Invalid element state [By.xpath: //*[@data-test='suggestion-action']]: element click intercepted: Element <a data-test=\"suggestion-action\" href=\"/products/\" type=\"button\" class=\"_main_1dh718a_17 _modeRock_1dh718a_241 _sizeS_1dh718a_92 _alignIconLeft_1dh718a_77 _light_1dh718a_59\">...</a> is not clickable at point (1152, 556). Other element would receive the click: <p>...</p>\nScreenshot: file:/Users/alexandrastroie/Documents/automation/toolsQaDemoEcommerce/demo/build/reports/tests/1680287851477.0.png\nPage source: file:/Users/alexandrastroie/Documents/automation/toolsQaDemoEcommerce/demo/build/reports/tests/1680287851477.0.html\nTimeout: 4 s.\nCaused by: ElementClickInterceptedException: element click intercepted: Element <a data-test=\"suggestion-action\" href=\"/products/\" type=\"button\" class=\"_main_1dh718a_17 _modeRock_1dh718a_241 _sizeS_1dh718a_92 _alignIconLeft_1dh718a_77 _light_1dh718a_59\">...</a> is not clickable at point (1152, 556). Other element would receive the click: <p>...</p>","trace":"Invalid element state [By.xpath: //*[@data-test='suggestion-action']]: element click intercepted: Element <a data-test=\"suggestion-action\" href=\"/products/\" type=\"button\" class=\"_main_1dh718a_17 _modeRock_1dh718a_241 _sizeS_1dh718a_92 _alignIconLeft_1dh718a_77 _light_1dh718a_59\">...</a> is not clickable at point (1152, 556). Other element would receive the click: <p>...</p>\nScreenshot: file:/Users/alexandrastroie/Documents/automation/toolsQaDemoEcommerce/demo/build/reports/tests/1680287851477.0.png\nPage source: file:/Users/alexandrastroie/Documents/automation/toolsQaDemoEcommerce/demo/build/reports/tests/1680287851477.0.html\nTimeout: 4 s.\nCaused by: ElementClickInterceptedException: element click intercepted: Element <a data-test=\"suggestion-action\" href=\"/products/\" type=\"button\" class=\"_main_1dh718a_17 _modeRock_1dh718a_241 _sizeS_1dh718a_92 _alignIconLeft_1dh718a_77 _light_1dh718a_59\">...</a> is not clickable at point (1152, 556). Other element would receive the click: <p>...</p>\n\tat com.codeborne.selenide.impl.ExceptionWrapper.wrap(ExceptionWrapper.java:26)\n\tat com.codeborne.selenide.impl.SelenideElementProxy.dispatchAndRetry(SelenideElementProxy.java:153)\n\tat com.codeborne.selenide.impl.SelenideElementProxy.invoke(SelenideElementProxy.java:83)\n\tat com.sun.proxy.$Proxy7.click(Unknown Source)\n\tat com.example.demo.MainPageTest.navigationToAllTools(MainPageTest.java:52)\n\tat java.base/jdk.internal.reflect.NativeMethodAccessorImpl.invoke0(Native Method)\n\tat java.base/jdk.internal.reflect.NativeMethodAccessorImpl.invoke(NativeMethodAccessorImpl.java:62)\n\tat java.base/jdk.internal.reflect.DelegatingMethodAccessorImpl.invoke(DelegatingMethodAccessorImpl.java:43)\n\tat java.base/java.lang.reflect.Method.invoke(Method.java:566)\n\tat org.testng.internal.invokers.MethodInvocationHelper.invokeMethod(MethodInvocationHelper.java:139)\n\tat org.testng.internal.invokers.TestInvoker.invokeMethod(TestInvoker.java:677)\n\tat org.testng.internal.invokers.TestInvoker.invokeTestMethod(TestInvoker.java:221)\n\tat org.testng.internal.invokers.MethodRunner.runInSequence(MethodRunner.java:50)\n\tat org.testng.internal.invokers.TestInvoker$MethodInvocationAgent.invoke(TestInvoker.java:969)\n\tat org.testng.internal.invokers.TestInvoker.invokeTestMethods(TestInvoker.java:194)\n\tat org.testng.internal.invokers.TestMethodWorker.invokeTestMethods(TestMethodWorker.java:148)\n\tat org.testng.internal.invokers.TestMethodWorker.run(TestMethodWorker.java:128)\n\tat java.base/java.util.ArrayList.forEach(ArrayList.java:1541)\n\tat org.testng.TestRunner.privateRun(TestRunner.java:829)\n\tat org.testng.TestRunner.run(TestRunner.java:602)\n\tat org.testng.SuiteRunner.runTest(SuiteRunner.java:437)\n\tat org.testng.SuiteRunner.runSequentially(SuiteRunner.java:431)\n\tat org.testng.SuiteRunner.privateRun(SuiteRunner.java:391)\n\tat org.testng.SuiteRunner.run(SuiteRunner.java:330)\n\tat org.testng.SuiteRunnerWorker.runSuite(SuiteRunnerWorker.java:52)\n\tat org.testng.SuiteRunnerWorker.run(SuiteRunnerWorker.java:95)\n\tat org.testng.TestNG.runSuitesSequentially(TestNG.java:1256)\n\tat org.testng.TestNG.runSuitesLocally(TestNG.java:1176)\n\tat org.testng.TestNG.runSuites(TestNG.java:1099)\n\tat org.testng.TestNG.run(TestNG.java:1067)\n\tat com.intellij.rt.testng.IDEARemoteTestNG.run(IDEARemoteTestNG.java:66)\n\tat com.intellij.rt.testng.RemoteTestNGStarter.main(RemoteTestNGStarter.java:105)\nCaused by: org.openqa.selenium.ElementClickInterceptedException: element click intercepted: Element <a data-test=\"suggestion-action\" href=\"/products/\" type=\"button\" class=\"_main_1dh718a_17 _modeRock_1dh718a_241 _sizeS_1dh718a_92 _alignIconLeft_1dh718a_77 _light_1dh718a_59\">...</a> is not clickable at point (1152, 556). Other element would receive the click: <p>...</p>\n  (Session info: chrome=111.0.5563.146)\nBuild info: version: '4.7.2', revision: '4d4020c3b7'\nSystem info: os.name: 'Mac OS X', os.arch: 'x86_64', os.version: '12.6.1', java.version: '11.0.18'\nDriver info: org.openqa.selenium.chrome.ChromeDriver\nCommand: [488cb9212feb6363b2892d9c9749f387, clickElement {id=6dea350b-a953-40c0-b3f4-a7e6e099c27c}]\nCapabilities {acceptInsecureCerts: true, browserName: chrome, browserVersion: 111.0.5563.146, chrome: {chromedriverVersion: 111.0.5563.64 (c710e93d5b63..., userDataDir: /var/folders/mq/wrw5rgb50lz...}, goog:chromeOptions: {debuggerAddress: localhost:61017}, networkConnectionEnabled: false, pageLoadStrategy: normal, platformName: MAC, proxy: Proxy(), se:cdp: ws://localhost:61017/devtoo..., se:cdpVersion: 111.0.5563.146, setWindowRect: true, strictFileInteractability: false, timeouts: {implicit: 0, pageLoad: 300000, script: 30000}, unhandledPromptBehavior: accept, webauthn:extension:credBlob: true, webauthn:extension:largeBlob: true, webauthn:extension:minPinLength: true, webauthn:extension:prf: true, webauthn:virtualAuthenticators: true}\nElement: [[ChromeDriver: chrome on MAC (488cb9212feb6363b2892d9c9749f387)] -> xpath: //*[@data-test='suggestion-action']]\nSession ID: 488cb9212feb6363b2892d9c9749f387\n\tat java.base/jdk.internal.reflect.NativeConstructorAccessorImpl.newInstance0(Native Method)\n\tat java.base/jdk.internal.reflect.NativeConstructorAccessorImpl.newInstance(NativeConstructorAccessorImpl.java:62)\n\tat java.base/jdk.internal.reflect.DelegatingConstructorAccessorImpl.newInstance(DelegatingConstructorAccessorImpl.java:45)\n\tat java.base/java.lang.reflect.Constructor.newInstance(Constructor.java:490)\n\tat org.openqa.selenium.remote.codec.w3c.W3CHttpResponseCodec.createException(W3CHttpResponseCodec.java:200)\n\tat org.openqa.selenium.remote.codec.w3c.W3CHttpResponseCodec.decode(W3CHttpResponseCodec.java:133)\n\tat org.openqa.selenium.remote.codec.w3c.W3CHttpResponseCodec.decode(W3CHttpResponseCodec.java:53)\n\tat org.openqa.selenium.remote.HttpCommandExecutor.execute(HttpCommandExecutor.java:184)\n\tat org.openqa.selenium.remote.service.DriverCommandExecutor.invokeExecute(DriverCommandExecutor.java:167)\n\tat org.openqa.selenium.remote.service.DriverCommandExecutor.execute(DriverCommandExecutor.java:142)\n\tat org.openqa.selenium.remote.RemoteWebDriver.execute(RemoteWebDriver.java:535)\n\tat org.openqa.selenium.remote.RemoteWebElement.execute(RemoteWebElement.java:257)\n\tat org.openqa.selenium.remote.RemoteWebElement.click(RemoteWebElement.java:78)\n\tat com.codeborne.selenide.commands.Click.defaultClick(Click.java:97)\n\tat com.codeborne.selenide.commands.Click.click(Click.java:54)\n\tat com.codeborne.selenide.commands.Click.execute(Click.java:31)\n\tat com.codeborne.selenide.commands.Click.execute(Click.java:21)\n\tat com.codeborne.selenide.commands.Commands.execute(Commands.java:159)\n\tat com.codeborne.selenide.impl.SelenideElementProxy.dispatchAndRetry(SelenideElementProxy.java:131)\n\t... 30 more\n"},"stage":"finished","steps":[{"name":"$(\"By.xpath: //*[@data-test-marker='Developer Tools']\") click()","status":"passed","stage":"finished","steps":[],"attachments":[],"parameters":[],"start":1680287846196,"stop":1680287846509},{"name":"$(\"By.xpath: //*[@data-test='suggestion-action']\") click()","status":"failed","statusDetails":{"known":false,"muted":false,"flaky":false,"message":"Invalid element state [By.xpath: //*[@data-test='suggestion-action']]: element click intercepted: Element <a data-test=\"suggestion-action\" href=\"/products/\" type=\"button\" class=\"_main_1dh718a_17 _modeRock_1dh718a_241 _sizeS_1dh718a_92 _alignIconLeft_1dh718a_77 _light_1dh718a_59\">...</a> is not clickable at point (1152, 556). Other element would receive the click: <p>...</p>\nScreenshot: file:/Users/alexandrastroie/Documents/automation/toolsQaDemoEcommerce/demo/build/reports/tests/1680287851477.0.png\nPage source: file:/Users/alexandrastroie/Documents/automation/toolsQaDemoEcommerce/demo/build/reports/tests/1680287851477.0.html\nTimeout: 4 s.\nCaused by: ElementClickInterceptedException: element click intercepted: Element <a data-test=\"suggestion-action\" href=\"/products/\" type=\"button\" class=\"_main_1dh718a_17 _modeRock_1dh718a_241 _sizeS_1dh718a_92 _alignIconLeft_1dh718a_77 _light_1dh718a_59\">...</a> is not clickable at point (1152, 556). Other element would receive the click: <p>...</p>","trace":"Invalid element state [By.xpath: //*[@data-test='suggestion-action']]: element click intercepted: Element <a data-test=\"suggestion-action\" href=\"/products/\" type=\"button\" class=\"_main_1dh718a_17 _modeRock_1dh718a_241 _sizeS_1dh718a_92 _alignIconLeft_1dh718a_77 _light_1dh718a_59\">...</a> is not clickable at point (1152, 556). Other element would receive the click: <p>...</p>\nScreenshot: file:/Users/alexandrastroie/Documents/automation/toolsQaDemoEcommerce/demo/build/reports/tests/1680287851477.0.png\nPage source: file:/Users/alexandrastroie/Documents/automation/toolsQaDemoEcommerce/demo/build/reports/tests/1680287851477.0.html\nTimeout: 4 s.\nCaused by: ElementClickInterceptedException: element click intercepted: Element <a data-test=\"suggestion-action\" href=\"/products/\" type=\"button\" class=\"_main_1dh718a_17 _modeRock_1dh718a_241 _sizeS_1dh718a_92 _alignIconLeft_1dh718a_77 _light_1dh718a_59\">...</a> is not clickable at point (1152, 556). Other element would receive the click: <p>...</p>\n\tat com.codeborne.selenide.impl.ExceptionWrapper.wrap(ExceptionWrapper.java:26)\n\tat com.codeborne.selenide.impl.SelenideElementProxy.dispatchAndRetry(SelenideElementProxy.java:153)\n\tat com.codeborne.selenide.impl.SelenideElementProxy.invoke(SelenideElementProxy.java:83)\n\tat com.sun.proxy.$Proxy7.click(Unknown Source)\n\tat com.example.demo.MainPageTest.navigationToAllTools(MainPageTest.java:52)\n\tat java.base/jdk.internal.reflect.NativeMethodAccessorImpl.invoke0(Native Method)\n\tat java.base/jdk.internal.reflect.NativeMethodAccessorImpl.invoke(NativeMethodAccessorImpl.java:62)\n\tat java.base/jdk.internal.reflect.DelegatingMethodAccessorImpl.invoke(DelegatingMethodAccessorImpl.java:43)\n\tat java.base/java.lang.reflect.Method.invoke(Method.java:566)\n\tat org.testng.internal.invokers.MethodInvocationHelper.invokeMethod(MethodInvocationHelper.java:139)\n\tat org.testng.internal.invokers.TestInvoker.invokeMethod(TestInvoker.java:677)\n\tat org.testng.internal.invokers.TestInvoker.invokeTestMethod(TestInvoker.java:221)\n\tat org.testng.internal.invokers.MethodRunner.runInSequence(MethodRunner.java:50)\n\tat org.testng.internal.invokers.TestInvoker$MethodInvocationAgent.invoke(TestInvoker.java:969)\n\tat org.testng.internal.invokers.TestInvoker.invokeTestMethods(TestInvoker.java:194)\n\tat org.testng.internal.invokers.TestMethodWorker.invokeTestMethods(TestMethodWorker.java:148)\n\tat org.testng.internal.invokers.TestMethodWorker.run(TestMethodWorker.java:128)\n\tat java.base/java.util.ArrayList.forEach(ArrayList.java:1541)\n\tat org.testng.TestRunner.privateRun(TestRunner.java:829)\n\tat org.testng.TestRunner.run(TestRunner.java:602)\n\tat org.testng.SuiteRunner.runTest(SuiteRunner.java:437)\n\tat org.testng.SuiteRunner.runSequentially(SuiteRunner.java:431)\n\tat org.testng.SuiteRunner.privateRun(SuiteRunner.java:391)\n\tat org.testng.SuiteRunner.run(SuiteRunner.java:330)\n\tat org.testng.SuiteRunnerWorker.runSuite(SuiteRunnerWorker.java:52)\n\tat org.testng.SuiteRunnerWorker.run(SuiteRunnerWorker.java:95)\n\tat org.testng.TestNG.runSuitesSequentially(TestNG.java:1256)\n\tat org.testng.TestNG.runSuitesLocally(TestNG.java:1176)\n\tat org.testng.TestNG.runSuites(TestNG.java:1099)\n\tat org.testng.TestNG.run(TestNG.java:1067)\n\tat com.intellij.rt.testng.IDEARemoteTestNG.run(IDEARemoteTestNG.java:66)\n\tat com.intellij.rt.testng.RemoteTestNGStarter.main(RemoteTestNGStarter.java:105)\nCaused by: org.openqa.selenium.ElementClickInterceptedException: element click intercepted: Element <a data-test=\"suggestion-action\" href=\"/products/\" type=\"button\" class=\"_main_1dh718a_17 _modeRock_1dh718a_241 _sizeS_1dh718a_92 _alignIconLeft_1dh718a_77 _light_1dh718a_59\">...</a> is not clickable at point (1152, 556). Other element would receive the click: <p>...</p>\n  (Session info: chrome=111.0.5563.146)\nBuild info: version: '4.7.2', revision: '4d4020c3b7'\nSystem info: os.name: 'Mac OS X', os.arch: 'x86_64', os.version: '12.6.1', java.version: '11.0.18'\nDriver info: org.openqa.selenium.chrome.ChromeDriver\nCommand: [488cb9212feb6363b2892d9c9749f387, clickElement {id=6dea350b-a953-40c0-b3f4-a7e6e099c27c}]\nCapabilities {acceptInsecureCerts: true, browserName: chrome, browserVersion: 111.0.5563.146, chrome: {chromedriverVersion: 111.0.5563.64 (c710e93d5b63..., userDataDir: /var/folders/mq/wrw5rgb50lz...}, goog:chromeOptions: {debuggerAddress: localhost:61017}, networkConnectionEnabled: false, pageLoadStrategy: normal, platformName: MAC, proxy: Proxy(), se:cdp: ws://localhost:61017/devtoo..., se:cdpVersion: 111.0.5563.146, setWindowRect: true, strictFileInteractability: false, timeouts: {implicit: 0, pageLoad: 300000, script: 30000}, unhandledPromptBehavior: accept, webauthn:extension:credBlob: true, webauthn:extension:largeBlob: true, webauthn:extension:minPinLength: true, webauthn:extension:prf: true, webauthn:virtualAuthenticators: true}\nElement: [[ChromeDriver: chrome on MAC (488cb9212feb6363b2892d9c9749f387)] -> xpath: //*[@data-test='suggestion-action']]\nSession ID: 488cb9212feb6363b2892d9c9749f387\n\tat java.base/jdk.internal.reflect.NativeConstructorAccessorImpl.newInstance0(Native Method)\n\tat java.base/jdk.internal.reflect.NativeConstructorAccessorImpl.newInstance(NativeConstructorAccessorImpl.java:62)\n\tat java.base/jdk.internal.reflect.DelegatingConstructorAccessorImpl.newInstance(DelegatingConstructorAccessorImpl.java:45)\n\tat java.base/java.lang.reflect.Constructor.newInstance(Constructor.java:490)\n\tat org.openqa.selenium.remote.codec.w3c.W3CHttpResponseCodec.createException(W3CHttpResponseCodec.java:200)\n\tat org.openqa.selenium.remote.codec.w3c.W3CHttpResponseCodec.decode(W3CHttpResponseCodec.java:133)\n\tat org.openqa.selenium.remote.codec.w3c.W3CHttpResponseCodec.decode(W3CHttpResponseCodec.java:53)\n\tat org.openqa.selenium.remote.HttpCommandExecutor.execute(HttpCommandExecutor.java:184)\n\tat org.openqa.selenium.remote.service.DriverCommandExecutor.invokeExecute(DriverCommandExecutor.java:167)\n\tat org.openqa.selenium.remote.service.DriverCommandExecutor.execute(DriverCommandExecutor.java:142)\n\tat org.openqa.selenium.remote.RemoteWebDriver.execute(RemoteWebDriver.java:535)\n\tat org.openqa.selenium.remote.RemoteWebElement.execute(RemoteWebElement.java:257)\n\tat org.openqa.selenium.remote.RemoteWebElement.click(RemoteWebElement.java:78)\n\tat com.codeborne.selenide.commands.Click.defaultClick(Click.java:97)\n\tat com.codeborne.selenide.commands.Click.click(Click.java:54)\n\tat com.codeborne.selenide.commands.Click.execute(Click.java:31)\n\tat com.codeborne.selenide.commands.Click.execute(Click.java:21)\n\tat com.codeborne.selenide.commands.Commands.execute(Commands.java:159)\n\tat com.codeborne.selenide.impl.SelenideElementProxy.dispatchAndRetry(SelenideElementProxy.java:131)\n\t... 30 more\n"},"stage":"finished","steps":[],"attachments":[{"name":"Screenshot","source":"6474ba7c-7d18-48bc-a8d9-244455115a9f-attachment.png","type":"image/png"},{"name":"Page source","source":"90399027-894a-4ec2-89d7-bfe35c7f89ca-attachment.html","type":"text/html"}],"parameters":[],"start":1680287846510,"stop":1680287853559}],"attachments":[],"parameters":[],"start":1680287846189,"stop":1680287853574}